
> ordina@0.0.0 build-storybook
> storybook build --output-dir /var/folders/vm/n9yfjprj3h11wbr5bsxpjtjr0000gn/T/chromatic--96007-nRKMEHWHBJWN

@storybook/cli v8.0.0

info => Cleaning outputDir: ../../../../var/folders/vm/n9yfjprj3h11wbr5bsxpjtjr0000gn/T/chromatic--96007-nRKMEHWHBJWN
info => Loading presets
info => Building manager..
info => Manager built (626 ms)
info => Building preview..
WARN No story files found for the specified pattern: src/**/*.mdx
info Using tsconfig paths for react-docgen
vite v5.1.6 building for production...
transforming...
✓ 561 modules transformed.
rendering chunks...
computing gzip size...
../../../../var/folders/vm/n9yfjprj3h11wbr5bsxpjtjr0000gn/T/chromatic--96007-nRKMEHWHBJWN/iframe.html                                     13.11 kB │ gzip:   3.64 kB
../../../../var/folders/vm/n9yfjprj3h11wbr5bsxpjtjr0000gn/T/chromatic--96007-nRKMEHWHBJWN/assets/dana-BuyBqMA-.woff2                      50.27 kB
../../../../var/folders/vm/n9yfjprj3h11wbr5bsxpjtjr0000gn/T/chromatic--96007-nRKMEHWHBJWN/assets/nunito-D2sADkEI.ttf                     277.84 kB
../../../../var/folders/vm/n9yfjprj3h11wbr5bsxpjtjr0000gn/T/chromatic--96007-nRKMEHWHBJWN/assets/Button-BvCSZk7d.css                       8.87 kB │ gzip:   2.35 kB
../../../../var/folders/vm/n9yfjprj3h11wbr5bsxpjtjr0000gn/T/chromatic--96007-nRKMEHWHBJWN/assets/preview-B4GcaC1c.js                       0.07 kB │ gzip:   0.08 kB
../../../../var/folders/vm/n9yfjprj3h11wbr5bsxpjtjr0000gn/T/chromatic--96007-nRKMEHWHBJWN/assets/preview-CIRcjyVj.js                       0.11 kB │ gzip:   0.11 kB
../../../../var/folders/vm/n9yfjprj3h11wbr5bsxpjtjr0000gn/T/chromatic--96007-nRKMEHWHBJWN/assets/WithTooltip-Y7J54OF7-CTdGoxqf.js          0.35 kB │ gzip:   0.24 kB
../../../../var/folders/vm/n9yfjprj3h11wbr5bsxpjtjr0000gn/T/chromatic--96007-nRKMEHWHBJWN/assets/syntaxhighlighter-JOJW2KGS-Ck4-w0NK.js    0.39 kB │ gzip:   0.27 kB
../../../../var/folders/vm/n9yfjprj3h11wbr5bsxpjtjr0000gn/T/chromatic--96007-nRKMEHWHBJWN/assets/index-z5U8iC57.js                         0.42 kB │ gzip:   0.27 kB
../../../../var/folders/vm/n9yfjprj3h11wbr5bsxpjtjr0000gn/T/chromatic--96007-nRKMEHWHBJWN/assets/preview-B_0crF9I.js                       0.64 kB │ gzip:   0.45 kB
../../../../var/folders/vm/n9yfjprj3h11wbr5bsxpjtjr0000gn/T/chromatic--96007-nRKMEHWHBJWN/assets/index-DrFu-skq.js                         0.77 kB │ gzip:   0.47 kB
../../../../var/folders/vm/n9yfjprj3h11wbr5bsxpjtjr0000gn/T/chromatic--96007-nRKMEHWHBJWN/assets/preview-Cv3rAi2i.js                       0.86 kB │ gzip:   0.55 kB
../../../../var/folders/vm/n9yfjprj3h11wbr5bsxpjtjr0000gn/T/chromatic--96007-nRKMEHWHBJWN/assets/preview-lsOcKquu.js                       0.92 kB │ gzip:   0.57 kB
../../../../var/folders/vm/n9yfjprj3h11wbr5bsxpjtjr0000gn/T/chromatic--96007-nRKMEHWHBJWN/assets/entry-preview-Xn6uC1vK.js                 1.24 kB │ gzip:   0.72 kB
../../../../var/folders/vm/n9yfjprj3h11wbr5bsxpjtjr0000gn/T/chromatic--96007-nRKMEHWHBJWN/assets/index-Bw8VTzHM.js                         2.59 kB │ gzip:   1.26 kB
../../../../var/folders/vm/n9yfjprj3h11wbr5bsxpjtjr0000gn/T/chromatic--96007-nRKMEHWHBJWN/assets/preview-CwqMn10d.js                       3.19 kB │ gzip:   1.37 kB
../../../../var/folders/vm/n9yfjprj3h11wbr5bsxpjtjr0000gn/T/chromatic--96007-nRKMEHWHBJWN/assets/preview-DbT1mggi.js                       3.52 kB │ gzip:   1.71 kB
../../../../var/folders/vm/n9yfjprj3h11wbr5bsxpjtjr0000gn/T/chromatic--96007-nRKMEHWHBJWN/assets/iframe-B5LZ67wj.js                        3.82 kB │ gzip:   1.56 kB
../../../../var/folders/vm/n9yfjprj3h11wbr5bsxpjtjr0000gn/T/chromatic--96007-nRKMEHWHBJWN/assets/Button.stories-BSE5LJX2.js                6.64 kB │ gzip:   2.23 kB
../../../../var/folders/vm/n9yfjprj3h11wbr5bsxpjtjr0000gn/T/chromatic--96007-nRKMEHWHBJWN/assets/preview-BAz7FMXc.js                       7.62 kB │ gzip:   1.56 kB
../../../../var/folders/vm/n9yfjprj3h11wbr5bsxpjtjr0000gn/T/chromatic--96007-nRKMEHWHBJWN/assets/index-BBkUAzwr.js                         7.80 kB │ gzip:   3.07 kB
../../../../var/folders/vm/n9yfjprj3h11wbr5bsxpjtjr0000gn/T/chromatic--96007-nRKMEHWHBJWN/assets/preview-Db4Idchh.js                       8.11 kB │ gzip:   3.09 kB
../../../../var/folders/vm/n9yfjprj3h11wbr5bsxpjtjr0000gn/T/chromatic--96007-nRKMEHWHBJWN/assets/Color-RQJUDNI5-B5HTsVOT.js               30.95 kB │ gzip:  11.71 kB
../../../../var/folders/vm/n9yfjprj3h11wbr5bsxpjtjr0000gn/T/chromatic--96007-nRKMEHWHBJWN/assets/_getPrototype-QNcgTGLk.js                78.60 kB │ gzip:  23.57 kB
../../../../var/folders/vm/n9yfjprj3h11wbr5bsxpjtjr0000gn/T/chromatic--96007-nRKMEHWHBJWN/assets/react-18-DHj1n7xi.js                    134.49 kB │ gzip:  43.43 kB
../../../../var/folders/vm/n9yfjprj3h11wbr5bsxpjtjr0000gn/T/chromatic--96007-nRKMEHWHBJWN/assets/formatter-B5HCVTEV-CL_eop0Q.js          210.76 kB │ gzip:  70.67 kB
../../../../var/folders/vm/n9yfjprj3h11wbr5bsxpjtjr0000gn/T/chromatic--96007-nRKMEHWHBJWN/assets/entry-preview-docs-vZw4XrQJ.js          213.30 kB │ gzip:  66.89 kB
../../../../var/folders/vm/n9yfjprj3h11wbr5bsxpjtjr0000gn/T/chromatic--96007-nRKMEHWHBJWN/assets/DocsRenderer-K4EAMTCU-0oZaTX5w.js       656.49 kB │ gzip: 203.93 kB
../../../../var/folders/vm/n9yfjprj3h11wbr5bsxpjtjr0000gn/T/chromatic--96007-nRKMEHWHBJWN/assets/preview-BjivwLRH.js                     693.23 kB │ gzip: 167.19 kB
✓ built in 21.81s
info => Preview built (23 s)
info => Output directory: /var/folders/vm/n9yfjprj3h11wbr5bsxpjtjr0000gn/T/chromatic--96007-nRKMEHWHBJWN
